Added Component: Designator=C1(CAPC1206(3216)190_L)
Added Component: Designator=C2(CAPC1206(3216)150_L)
Added Component: Designator=C3(CAPC1206(3216)150_L)
Added Component: Designator=C5(CAPC1206(3216)150_L)
Added Component: Designator=D1(FAIR-DO-41-2_V)
Added Component: Designator=D2(FAIR-DO-41-2_V)
Added Component: Designator=D3(FAIR-DO-41-2_V)
Added Component: Designator=D4(FAIR-DO-41-2_V)
Added Component: Designator=D5(FAIR-DO-41-2_V)
Added Component: Designator=D6(FAIR-DO-41-2_V)
Added Component: Designator=D7(FAIR-DO-41-2_V)
Added Component: Designator=D8(FAIR-DO-41-2_V)
Added Component: Designator=D9(FAIR-DO-41-2_V)
Added Component: Designator=D10(FAIR-DO-41-2_V)
Added Component: Designator=D11(DIOD-DO-41-P-2_V)
Added Component: Designator=D12(DIOD-DO-41-P-2_V)
Added Component: Designator=D13(DIOD-DO-41-P-2_V)
Added Component: Designator=J1(4mm socket right angled)
Added Component: Designator=J2(4mm socket right angled)
Added Component: Designator=J3(4mm socket right angled)
Added Component: Designator=J4(4mm socket right angled)
Added Component: Designator=J5(4mm socket right angled)
Added Component: Designator=J6(4mm socket right angled)
Added Component: Designator=LED1(LED-Polarized - 3mm)
Added Component: Designator=P1(HDR1X2)
Added Component: Designator=P2(PCB BNC RA Socket)
Added Component: Designator=Q1(INF-PG-TO220-3-1_A_V)
Added Component: Designator=R1(AXIAL-0.3)
Added Component: Designator=R2(AXIAL-0.3)
Added Component: Designator=R3(OMTE-13FR025E)
Added Component: Designator=R4(OMTE-13FR025E)
Added Component: Designator=U1(PDIP300-PA8)
Added Pin To Net: NetName=+12V Pin=C1-1
Added Pin To Net: NetName=+12V Pin=C2-1
Added Pin To Net: NetName=+12V Pin=C3-1
Added Pin To Net: NetName=+12V Pin=D12-2
Added Pin To Net: NetName=+12V Pin=R2-2
Added Pin To Net: NetName=+12V Pin=U1-1
Added Pin To Net: NetName=+12V Pin=U1-8
Added Net: Name=+12V
Added Pin To Net: NetName=GND Pin=C1-2
Added Pin To Net: NetName=GND Pin=C2-2
Added Pin To Net: NetName=GND Pin=C3-2
Added Pin To Net: NetName=GND Pin=J5-1
Added Pin To Net: NetName=GND Pin=J5-1
Added Pin To Net: NetName=GND Pin=J6-1
Added Pin To Net: NetName=GND Pin=J6-1
Added Pin To Net: NetName=GND Pin=LED1-K
Added Pin To Net: NetName=GND Pin=P1-2
Added Pin To Net: NetName=GND Pin=P2-2
Added Pin To Net: NetName=GND Pin=P2-2
Added Pin To Net: NetName=GND Pin=P2-2
Added Pin To Net: NetName=GND Pin=P2-2
Added Pin To Net: NetName=GND Pin=R1-1
Added Pin To Net: NetName=GND Pin=R3-1
Added Pin To Net: NetName=GND Pin=U1-4
Added Pin To Net: NetName=GND Pin=U1-5
Added Net: Name=GND
Added Pin To Net: NetName=NetD1_1 Pin=D1-1
Added Pin To Net: NetName=NetD1_1 Pin=D2-2
Added Net: Name=NetD1_1
Added Pin To Net: NetName=NetD1_2 Pin=D1-2
Added Pin To Net: NetName=NetD1_2 Pin=D5-1
Added Net: Name=NetD1_2
Added Pin To Net: NetName=NetD2_1 Pin=D2-1
Added Pin To Net: NetName=NetD2_1 Pin=D3-2
Added Net: Name=NetD2_1
Added Pin To Net: NetName=NetD3_1 Pin=D3-1
Added Pin To Net: NetName=NetD3_1 Pin=D4-2
Added Net: Name=NetD3_1
Added Pin To Net: NetName=NetD4_1 Pin=D4-1
Added Pin To Net: NetName=NetD4_1 Pin=J1-1
Added Pin To Net: NetName=NetD4_1 Pin=J1-1
Added Pin To Net: NetName=NetD4_1 Pin=J2-1
Added Pin To Net: NetName=NetD4_1 Pin=J2-1
Added Net: Name=NetD4_1
Added Pin To Net: NetName=NetD5_2 Pin=D5-2
Added Pin To Net: NetName=NetD5_2 Pin=D6-1
Added Net: Name=NetD5_2
Added Pin To Net: NetName=NetD6_2 Pin=D6-2
Added Pin To Net: NetName=NetD6_2 Pin=D7-1
Added Net: Name=NetD6_2
Added Pin To Net: NetName=NetD7_2 Pin=D7-2
Added Pin To Net: NetName=NetD7_2 Pin=D8-1
Added Net: Name=NetD7_2
Added Pin To Net: NetName=NetD8_2 Pin=D8-2
Added Pin To Net: NetName=NetD8_2 Pin=D9-1
Added Net: Name=NetD8_2
Added Pin To Net: NetName=NetD9_2 Pin=D9-2
Added Pin To Net: NetName=NetD9_2 Pin=D10-1
Added Net: Name=NetD9_2
Added Pin To Net: NetName=NetD10_2 Pin=D10-2
Added Pin To Net: NetName=NetD10_2 Pin=D11-2
Added Net: Name=NetD10_2
Added Pin To Net: NetName=NetD11_1 Pin=D11-1
Added Pin To Net: NetName=NetD11_1 Pin=J3-1
Added Pin To Net: NetName=NetD11_1 Pin=J3-1
Added Pin To Net: NetName=NetD11_1 Pin=Q1-2
Added Net: Name=NetD11_1
Added Pin To Net: NetName=NetD12_1 Pin=D12-1
Added Pin To Net: NetName=NetD12_1 Pin=J4-1
Added Pin To Net: NetName=NetD12_1 Pin=J4-1
Added Net: Name=NetD12_1
Added Pin To Net: NetName=NetLED1_A Pin=LED1-A
Added Pin To Net: NetName=NetLED1_A Pin=R2-1
Added Net: Name=NetLED1_A
Added Pin To Net: NetName=NetP1_1 Pin=P1-1
Added Pin To Net: NetName=NetP1_1 Pin=P2-1
Added Pin To Net: NetName=NetP1_1 Pin=R1-2
Added Pin To Net: NetName=NetP1_1 Pin=U1-2
Added Net: Name=NetP1_1
Added Pin To Net: NetName=NetQ1_1 Pin=Q1-1
Added Pin To Net: NetName=NetQ1_1 Pin=U1-6
Added Pin To Net: NetName=NetQ1_1 Pin=U1-7
Added Net: Name=NetQ1_1
Added Pin To Net: NetName=NetQ1_3 Pin=Q1-3
Added Pin To Net: NetName=NetQ1_3 Pin=R3-2
Added Net: Name=NetQ1_3
Added Class: Name=B302 PI Coil Driver
Added Room: Name=B302 PI Coil Driver
